# JRE version: OpenJDK Runtime Environment (8.0_152-b01) (build 1.8.0_152-release-1343-b01)
# Java VM: OpenJDK 64-Bit Server VM (25.152-b01 mixed mode windows-amd64 compressed oops)
Heap:
 PSYoungGen      total 48128K, used 33716K [0x00000000e0000000, 0x00000000e3c00000, 0x0000000100000000)
  eden space 41472K, 65% used [0x00000000e0000000,0x00000000e1a73370,0x00000000e2880000)
  from space 6656K, 99% used [0x00000000e2880000,0x00000000e2efa040,0x00000000e2f00000)
  to   space 8704K, 0% used [0x00000000e3380000,0x00000000e3380000,0x00000000e3c00000)
 ParOldGen       total 69120K, used 32158K [0x00000000a0000000, 0x00000000a4380000, 0x00000000e0000000)
  object space 69120K, 46% used [0x00000000a0000000,0x00000000a1f67a58,0x00000000a4380000)
 Metaspace       used 64691K, capacity 66607K, committed 66904K, reserved 1107968K
  class space    used 8543K, capacity 9000K, committed 9088K, reserved 1048576K
GC Heap History (10 events):
Event: 104.257 GC heap before
{Heap before GC invocations=36 (full 2):
 PSYoungGen      total 38912K, used 23429K [0x00000000e0000000, 0x00000000e3080000, 0x0000000100000000)
  eden space 33280K, 58% used [0x00000000e0000000,0x00000000e12ff6e0,0x00000000e2080000)
  from space 5632K, 70% used [0x00000000e2080000,0x00000000e2462040,0x00000000e2600000)
  to   space 5632K, 0% used [0x00000000e2b00000,0x00000000e2b00000,0x00000000e3080000)
 ParOldGen       total 44544K, used 28997K [0x00000000a0000000, 0x00000000a2b80000, 0x00000000e0000000)
  object space 44544K, 65% used [0x00000000a0000000,0x00000000a1c515c8,0x00000000a2b80000)
 Metaspace       used 57437K, capacity 58975K, committed 59096K, reserved 1099776K
  class space    used 7771K, capacity 8192K, committed 8192K, reserved 1048576K
Event: 104.271 GC heap after
Heap after GC invocations=36 (full 2):
 PSYoungGen      total 44032K, used 2288K [0x00000000e0000000, 0x00000000e3100000, 0x0000000100000000)
  eden space 38400K, 0% used [0x00000000e0000000,0x00000000e0000000,0x00000000e2580000)
  from space 5632K, 40% used [0x00000000e2b00000,0x00000000e2d3c010,0x00000000e3080000)
  to   space 5632K, 0% used [0x00000000e2580000,0x00000000e2580000,0x00000000e2b00000)
 ParOldGen       total 44544K, used 30673K [0x00000000a0000000, 0x00000000a2b80000, 0x00000000e0000000)
  object space 44544K, 68% used [0x00000000a0000000,0x00000000a1df45d8,0x00000000a2b80000)
 Metaspace       used 57437K, capacity 58975K, committed 59096K, reserved 1099776K
  class space    used 7771K, capacity 8192K, committed 8192K, reserved 1048576K
}
Event: 104.271 GC heap before
{Heap before GC invocations=37 (full 3):
 PSYoungGen      total 44032K, used 2288K [0x00000000e0000000, 0x00000000e3100000, 0x0000000100000000)
  eden space 38400K, 0% used [0x00000000e0000000,0x00000000e0000000,0x00000000e2580000)
  from space 5632K, 40% used [0x00000000e2b00000,0x00000000e2d3c010,0x00000000e3080000)
  to   space 5632K, 0% used [0x00000000e2580000,0x00000000e2580000,0x00000000e2b00000)
 ParOldGen       total 44544K, used 30673K [0x00000000a0000000, 0x00000000a2b80000, 0x00000000e0000000)
  object space 44544K, 68% used [0x00000000a0000000,0x00000000a1df45d8,0x00000000a2b80000)
 Metaspace       used 57437K, capacity 58975K, committed 59096K, reserved 1099776K
  class space    used 7771K, capacity 8192K, committed 8192K, reserved 1048576K
Event: 104.941 GC heap after
Heap after GC invocations=37 (full 3):
 PSYoungGen      total 44032K, used 0K [0x00000000e0000000, 0x00000000e3100000, 0x0000000100000000)
  eden space 38400K, 0% used [0x00000000e0000000,0x00000000e0000000,0x00000000e2580000)
  from space 5632K, 0% used [0x00000000e2b00000,0x00000000e2b00000,0x00000000e3080000)
  to   space 5632K, 0% used [0x00000000e2580000,0x00000000e2580000,0x00000000e2b00000)
 ParOldGen       total 69120K, used 29627K [0x00000000a0000000, 0x00000000a4380000, 0x00000000e0000000)
  object space 69120K, 42% used [0x00000000a0000000,0x00000000a1ceef10,0x00000000a4380000)
 Metaspace       used 57437K, capacity 58975K, committed 59096K, reserved 1099776K
  class space    used 7771K, capacity 8192K, committed 8192K, reserved 1048576K
}
Event: 107.472 GC heap before
{Heap before GC invocations=38 (full 3):
 PSYoungGen      total 44032K, used 38400K [0x00000000e0000000, 0x00000000e3100000, 0x0000000100000000)
  eden space 38400K, 100% used [0x00000000e0000000,0x00000000e2580000,0x00000000e2580000)
  from space 5632K, 0% used [0x00000000e2b00000,0x00000000e2b00000,0x00000000e3080000)
  to   space 5632K, 0% used [0x00000000e2580000,0x00000000e2580000,0x00000000e2b00000)
 ParOldGen       total 69120K, used 29627K [0x00000000a0000000, 0x00000000a4380000, 0x00000000e0000000)
  object space 69120K, 42% used [0x00000000a0000000,0x00000000a1ceef10,0x00000000a4380000)
 Metaspace       used 59979K, capacity 61707K, committed 61912K, reserved 1101824K
  class space    used 8180K, capacity 8612K, committed 8704K, reserved 1048576K
Event: 107.479 GC heap after
Heap after GC invocations=38 (full 3):
 PSYoungGen      total 44032K, used 4440K [0x00000000e0000000, 0x00000000e3500000, 0x0000000100000000)
  eden space 38400K, 0% used [0x00000000e0000000,0x00000000e0000000,0x00000000e2580000)
  from space 5632K, 78% used [0x00000000e2580000,0x00000000e29d6080,0x00000000e2b00000)
  to   space 6144K, 0% used [0x00000000e2f00000,0x00000000e2f00000,0x00000000e3500000)
 ParOldGen       total 69120K, used 29635K [0x00000000a0000000, 0x00000000a4380000, 0x00000000e0000000)
  object space 69120K, 42% used [0x00000000a0000000,0x00000000a1cf0f10,0x00000000a4380000)
 Metaspace       used 59979K, capacity 61707K, committed 61912K, reserved 1101824K
  class space    used 8180K, capacity 8612K, committed 8704K, reserved 1048576K
}
Event: 110.991 GC heap before
{Heap before GC invocations=39 (full 3):
 PSYoungGen      total 44032K, used 42840K [0x00000000e0000000, 0x00000000e3500000, 0x0000000100000000)
  eden space 38400K, 100% used [0x00000000e0000000,0x00000000e2580000,0x00000000e2580000)
  from space 5632K, 78% used [0x00000000e2580000,0x00000000e29d6080,0x00000000e2b00000)
  to   space 6144K, 0% used [0x00000000e2f00000,0x00000000e2f00000,0x00000000e3500000)
 ParOldGen       total 69120K, used 29635K [0x00000000a0000000, 0x00000000a4380000, 0x00000000e0000000)
  object space 69120K, 42% used [0x00000000a0000000,0x00000000a1cf0f10,0x00000000a4380000)
 Metaspace       used 60773K, capacity 62505K, committed 62680K, reserved 1103872K
  class space    used 8255K, capacity 8689K, committed 8704K, reserved 1048576K
Event: 111.001 GC heap after
Heap after GC invocations=39 (full 3):
 PSYoungGen      total 47616K, used 5818K [0x00000000e0000000, 0x00000000e3580000, 0x0000000100000000)
  eden space 41472K, 0% used [0x00000000e0000000,0x00000000e0000000,0x00000000e2880000)
  from space 6144K, 94% used [0x00000000e2f00000,0x00000000e34ae8a0,0x00000000e3500000)
  to   space 6656K, 0% used [0x00000000e2880000,0x00000000e2880000,0x00000000e2f00000)
 ParOldGen       total 69120K, used 29643K [0x00000000a0000000, 0x00000000a4380000, 0x00000000e0000000)
  object space 69120K, 42% used [0x00000000a0000000,0x00000000a1cf2f10,0x00000000a4380000)
 Metaspace       used 60773K, capacity 62505K, committed 62680K, reserved 1103872K
  class space    used 8255K, capacity 8689K, committed 8704K, reserved 1048576K
}
Event: 156.354 GC heap before
{Heap before GC invocations=40 (full 3):
 PSYoungGen      total 47616K, used 47290K [0x00000000e0000000, 0x00000000e3580000, 0x0000000100000000)
  eden space 41472K, 100% used [0x00000000e0000000,0x00000000e2880000,0x00000000e2880000)
  from space 6144K, 94% used [0x00000000e2f00000,0x00000000e34ae8a0,0x00000000e3500000)
  to   space 6656K, 0% used [0x00000000e2880000,0x00000000e2880000,0x00000000e2f00000)
 ParOldGen       total 69120K, used 29643K [0x00000000a0000000, 0x00000000a4380000, 0x00000000e0000000)
  object space 69120K, 42% used [0x00000000a0000000,0x00000000a1cf2f10,0x00000000a4380000)
 Metaspace       used 64149K, capacity 66003K, committed 66264K, reserved 1105920K
  class space    used 8524K, capacity 8958K, committed 8960K, reserved 1048576K
Event: 156.370 GC heap after
Heap after GC invocations=40 (full 3):
 PSYoungGen      total 48128K, used 6632K [0x00000000e0000000, 0x00000000e3c00000, 0x0000000100000000)
  eden space 41472K, 0% used [0x00000000e0000000,0x00000000e0000000,0x00000000e2880000)
  from space 6656K, 99% used [0x00000000e2880000,0x00000000e2efa040,0x00000000e2f00000)
  to   space 8704K, 0% used [0x00000000e3380000,0x00000000e3380000,0x00000000e3c00000)
 ParOldGen       total 69120K, used 32158K [0x00000000a0000000, 0x00000000a4380000, 0x00000000e0000000)
  object space 69120K, 46% used [0x00000000a0000000,0x00000000a1f67a58,0x00000000a4380000)
 Metaspace       used 64149K, capacity 66003K, committed 66264K, reserved 1105920K
  class space    used 8524K, capacity 8958K, committed 8960K, reserved 1048576K
}

